CloudStoreRootProject/dinShweCloudClient/build/outputs/logs/manifest-merger-debug-report.txt
-- Merging decision tree log ---
manifest
ADDED from src\main\AndroidManifest.xml:2:1-40:12
	xmlns:android
		ADDED from src\main\AndroidManifest.xml:2:11-69
	package
		ADDED from src\main\AndroidManifest.xml:3:5-45
		INJECTED from src\main\AndroidManifest.xml
		INJECTED from src\main\AndroidManifest.xml
	android:versionName
		ADDED from src\main\AndroidManifest.xml:5:5-30
		INJECTED from src\main\AndroidManifest.xml
		INJECTED from src\main\AndroidManifest.xml
	android:versionCode
		ADDED from src\main\AndroidManifest.xml:4:5-28
		INJECTED from src\main\AndroidManifest.xml
		INJECTED from src\main\AndroidManifest.xml
uses-sdk
ADDED from src\main\AndroidManifest.xml:7:5-9:41
	android:targetSdkVersion
		ADDED from src\main\AndroidManifest.xml:9:9-38
		INJECTED from src\main\AndroidManifest.xml
		INJECTED from src\main\AndroidManifest.xml
	android:minSdkVersion
		ADDED from src\main\AndroidManifest.xml:8:9-35
		INJECTED from src\main\AndroidManifest.xml
		INJECTED from src\main\AndroidManifest.xml
uses-permission#android.permission.INTERNET
ADDED from src\main\AndroidManifest.xml:11:5-67
	android:name
		ADDED from src\main\AndroidManifest.xml:11:22-64
uses-permission#android.permission.ACCESS_NETWORK_STATE
ADDED from src\main\AndroidManifest.xml:12:5-79
	android:name
		ADDED from src\main\AndroidManifest.xml:12:22-76
uses-permission#android.permission.ACCESS_COARSE_LOCATION
ADDED from src\main\AndroidManifest.xml:13:5-81
	android:name
		ADDED from src\main\AndroidManifest.xml:13:22-78
uses-permission#android.permission.ACCESS_FINE_LOCATION
ADDED from src\main\AndroidManifest.xml:14:5-79
	android:name
		ADDED from src\main\AndroidManifest.xml:14:22-76
android:uses-permission#android.permission.WRITE_EXTERNAL_STORAGE
ADDED from src\main\AndroidManifest.xml:16:5-89
	android:name
		ADDED from src\main\AndroidManifest.xml:16:30-86
android:uses-permission#android.permission.READ_PHONE_STATE
ADDED from src\main\AndroidManifest.xml:17:5-83
	android:name
		ADDED from src\main\AndroidManifest.xml:17:30-80
android:uses-permission#android.permission.READ_EXTERNAL_STORAGE
ADDED from src\main\AndroidManifest.xml:18:5-88
	android:name
		ADDED from src\main\AndroidManifest.xml:18:30-85
application
ADDED from src\main\AndroidManifest.xml:20:5-38:19
	android:label
		ADDED from src\main\AndroidManifest.xml:24:9-41
	android:allowBackup
		ADDED from src\main\AndroidManifest.xml:22:9-35
	android:icon
		ADDED from src\main\AndroidManifest.xml:23:9-45
	android:theme
		ADDED from src\main\AndroidManifest.xml:25:9-40
	android:name
		ADDED from src\main\AndroidManifest.xml:21:9-51
activity#com.example.dinshwecloudclient.ui.HomeActivity
ADDED from src\main\AndroidManifest.xml:26:9-34:20
	android:label
		ADDED from src\main\AndroidManifest.xml:28:13-45
	android:name
		ADDED from src\main\AndroidManifest.xml:27:13-44
intent-filter#android.intent.action.MAIN+android.intent.category.LAUNCHER
ADDED from src\main\AndroidManifest.xml:29:13-33:29
action#android.intent.action.MAIN
ADDED from src\main\AndroidManifest.xml:30:17-69
	android:name
		ADDED from src\main\AndroidManifest.xml:30:25-66
category#android.intent.category.LAUNCHER
ADDED from src\main\AndroidManifest.xml:32:17-77
	android:name
		ADDED from src\main\AndroidManifest.xml:32:27-74
activity#com.example.dinshwecloudclient.ui.PostListingActivity
ADDED from src\main\AndroidManifest.xml:35:9-60
	android:name
		ADDED from src\main\AndroidManifest.xml:35:19-57
activity#com.example.dinshwecloudclient.ui.PostDetailActivity
ADDED from src\main\AndroidManifest.xml:36:9-59
	android:name
		ADDED from src\main\AndroidManifest.xml:36:19-56
activity#com.example.dinshwecloudclient.location.LocationActivity
ADDED from src\main\AndroidManifest.xml:37:9-63
	android:name
		ADDED from src\main\AndroidManifest.xml:37:19-60